2026-06-25 12:18:12 INFO Portfolio saved successfully
2026-06-25 12:18:12 INFO Stock Added
2026-06-25 12:18:24 INFO Viewed Portfolio
2026-06-25 12:18:50 INFO Searched for stock: INTC - Not Found
2026-06-25 12:19:16 INFO Searched for stock: TSLA - Found
2026-06-25 12:19:42 INFO Portfolio saved successfully
2026-06-25 12:19:42 INFO Stock Updated
2026-06-25 12:19:50 INFO Portfolio saved successfully
2026-06-25 12:19:50 INFO Stock Deleted
2026-06-25 12:20:26 INFO Portfolio saved successfully
2026-06-25 12:20:26 INFO Stock Added
2026-06-25 12:20:31 INFO Analytics Displayed
2026-06-25 12:20:42 INFO Report Generated
2026-06-29 13:21:01 INFO Portfolio loaded successfully
2026-06-29 13:21:28 INFO Portfolio loaded successfully
2026-06-29 13:21:51 WARNING Failed to add stock. Invalid symbol: 2
2026-06-29 13:22:22 INFO Portfolio loaded successfully
2026-06-29 13:22:50 INFO Portfolio saved successfully
2026-06-29 13:22:50 INFO Stock Added
2026-06-29 13:23:00 INFO Viewed Portfolio
2026-06-29 13:23:01 INFO Viewed Portfolio
2026-06-29 13:23:03 INFO Viewed Portfolio
2026-06-29 13:23:08 INFO Viewed Portfolio
2026-06-29 13:23:11 INFO Viewed Portfolio
2026-06-29 13:23:28 INFO Searched for stock: AAPL - Found
2026-06-29 13:24:03 INFO Portfolio saved successfully
2026-06-29 13:24:03 INFO Stock Updated
2026-06-29 13:24:13 INFO Analytics Displayed
2026-06-29 13:24:40 INFO Portfolio saved successfully
2026-06-29 13:24:40 INFO Stock Deleted
2026-06-29 13:24:43 INFO Analytics Displayed
2026-06-29 13:24:48 INFO Analytics Displayed
2026-06-29 13:24:50 INFO Report Generated
